This file contains any messages produced by compilers while
running configure, to aid debugging if configure makes a mistake.

It was created by cram configure 0.1, which was
generated by GNU Autoconf 2.59.  Invocation command line was

  $ ./configure 

## --------- ##
## Platform. ##
## --------- ##

hostname = scrib2
uname -m = x86_64
uname -r = 3.3.7-1.fc16.x86_64
uname -s = Linux
uname -v = #1 SMP Tue May 22 13:59:39 UTC 2012

/usr/bin/uname -p = x86_64
/bin/uname -X     = unknown

/bin/arch              = x86_64
/usr/bin/arch -k       = unknown
/usr/convex/getsysinfo = unknown
hostinfo               = unknown
/bin/machine           = unknown
/usr/bin/oslevel       = unknown
/bin/universe          = unknown

PATH: /home/yzhou/.rvm/gems/jruby-1.6.7.2/bin
PATH: /home/yzhou/.rvm/gems/jruby-1.6.7.2@global/bin
PATH: /home/yzhou/.rvm/rubies/jruby-1.6.7.2/bin
PATH: /home/yzhou/.rvm/bin
PATH: /usr/lib64/qt-3.3/bin
PATH: /usr/NX/bin
PATH: /usr/local/bin
PATH: /usr/bin
PATH: /bin
PATH: /usr/local/sbin
PATH: /usr/sbin
PATH: /home/yzhou/.rvm/bin
PATH: /home/yzhou/.local/bin
PATH: /home/yzhou/bin
PATH: /home/yzhou/.rvm/bin
PATH: /home/yzhou/.local/bin
PATH: /home/yzhou/bin
PATH: /home/yzhou/.rvm/bin
PATH: /home/yzhou/.local/bin
PATH: /home/yzhou/bin


## ----------- ##
## Core tests. ##
## ----------- ##

configure:1360: checking for a BSD-compatible install
configure:1415: result: /usr/bin/install -c
configure:1426: checking whether build environment is sane
configure:1469: result: yes
configure:1502: checking for gawk
configure:1518: found /usr/bin/gawk
configure:1528: result: gawk
configure:1538: checking whether make sets $(MAKE)
configure:1558: result: yes
configure:1757: checking for gcc
configure:1773: found /usr/bin/gcc
configure:1783: result: gcc
configure:2027: checking for C compiler version
configure:2030: gcc --version </dev/null >&5
gcc (GCC) 4.7.0 20120507 (Red Hat 4.7.0-5)
Copyright (C) 2012 Free Software Foundation, Inc.
This is free software; see the source for copying conditions.  There is NO
warranty; not even for MERCHANTABILITY or FITNESS FOR A PARTICULAR PURPOSE.

configure:2033: $? = 0
configure:2035: gcc -v </dev/null >&5
Using built-in specs.
COLLECT_GCC=gcc
COLLECT_LTO_WRAPPER=/usr/libexec/gcc/x86_64-redhat-linux/4.7.0/lto-wrapper
Target: x86_64-redhat-linux
Configured with: ../configure --prefix=/usr --mandir=/usr/share/man --infodir=/usr/share/info --with-bugurl=http://bugzilla.redhat.com/bugzilla --enable-bootstrap --enable-shared --enable-threads=posix --enable-checking=release --disable-build-with-cxx --disable-build-poststage1-with-cxx --with-system-zlib --enable-__cxa_atexit --disable-libunwind-exceptions --enable-gnu-unique-object --enable-linker-build-id --with-linker-hash-style=gnu --enable-languages=c,c++,objc,obj-c++,java,fortran,ada,go,lto --enable-plugin --enable-initfini-array --enable-java-awt=gtk --disable-dssi --with-java-home=/usr/lib/jvm/java-1.5.0-gcj-1.5.0.0/jre --enable-libgcj-multifile --enable-java-maintainer-mode --with-ecj-jar=/usr/share/java/eclipse-ecj.jar --disable-libjava-multilib --with-ppl --with-cloog --with-tune=generic --with-arch_32=i686 --build=x86_64-redhat-linux
Thread model: posix
gcc version 4.7.0 20120507 (Red Hat 4.7.0-5) (GCC) 
configure:2038: $? = 0
configure:2040: gcc -V </dev/null >&5
gcc: error: unrecognized command line option '-V'
gcc: fatal error: no input files
compilation terminated.
configure:2043: $? = 4
configure:2066: checking for C compiler default output file name
configure:2069: gcc    conftest.c  >&5
configure:2072: $? = 0
configure:2118: result: a.out
configure:2123: checking whether the C compiler works
configure:2129: ./a.out
configure:2132: $? = 0
configure:2149: result: yes
configure:2156: checking whether we are cross compiling
configure:2158: result: no
configure:2161: checking for suffix of executables
configure:2163: gcc -o conftest    conftest.c  >&5
configure:2166: $? = 0
configure:2191: result: 
configure:2197: checking for suffix of object files
configure:2218: gcc -c   conftest.c >&5
configure:2221: $? = 0
configure:2243: result: o
configure:2247: checking whether we are using the GNU C compiler
configure:2271: gcc -c   conftest.c >&5
configure:2277: $? = 0
configure:2281: test -z 
			 || test ! -s conftest.err
configure:2284: $? = 0
configure:2287: test -s conftest.o
configure:2290: $? = 0
configure:2303: result: yes
configure:2309: checking whether gcc accepts -g
configure:2330: gcc -c -g  conftest.c >&5
configure:2336: $? = 0
configure:2340: test -z 
			 || test ! -s conftest.err
configure:2343: $? = 0
configure:2346: test -s conftest.o
configure:2349: $? = 0
configure:2360: result: yes
configure:2377: checking for gcc option to accept ANSI C
configure:2447: gcc  -c -g -O2  conftest.c >&5
configure:2453: $? = 0
configure:2457: test -z 
			 || test ! -s conftest.err
configure:2460: $? = 0
configure:2463: test -s conftest.o
configure:2466: $? = 0
configure:2484: result: none needed
configure:2502: gcc -c -g -O2  conftest.c >&5
conftest.c:2:3: error: unknown type name 'choke'
conftest.c:2:3: error: expected '=', ',', ';', 'asm' or '__attribute__' at end of input
configure:2508: $? = 1
configure: failed program was:
| #ifndef __cplusplus
|   choke me
| #endif
configure:2660: checking for style of include used by make
configure:2688: result: GNU
configure:2716: checking dependency style of gcc
configure:2778: result: gcc3
configure:2861: checking for sdl-config
configure:2879: found /usr/bin/sdl-config
configure:2892: result: /usr/bin/sdl-config
configure:2900: checking for SDL - version >= 1.0.8
configure:2992: gcc -o conftest -g -O2 -I/usr/include/SDL -D_GNU_SOURCE=1 -D_REENTRANT   conftest.c  -lSDL -lpthread >&5
configure:2995: $? = 0
configure:2997: ./conftest
configure:3000: $? = 0
configure:3019: result: yes
configure:3130: checking how to run the C preprocessor
configure:3165: gcc -E  conftest.c
configure:3171: $? = 0
configure:3203: gcc -E  conftest.c
conftest.c:11:28: fatal error: ac_nonexistent.h: No such file or directory
compilation terminated.
configure:3209: $? = 1
configure: failed program was:
| /* confdefs.h.  */
| 
| #define PACKAGE_NAME "cram"
| #define PACKAGE_TARNAME "cram"
| #define PACKAGE_VERSION "0.1"
| #define PACKAGE_STRING "cram 0.1"
| #define PACKAGE_BUGREPORT "yzhou7@gmail.com"
| #define PACKAGE "cram"
| #define VERSION "0.1"
| /* end confdefs.h.  */
| #include <ac_nonexistent.h>
configure:3248: result: gcc -E
configure:3272: gcc -E  conftest.c
configure:3278: $? = 0
configure:3310: gcc -E  conftest.c
conftest.c:11:28: fatal error: ac_nonexistent.h: No such file or directory
compilation terminated.
configure:3316: $? = 1
configure: failed program was:
| /* confdefs.h.  */
| 
| #define PACKAGE_NAME "cram"
| #define PACKAGE_TARNAME "cram"
| #define PACKAGE_VERSION "0.1"
| #define PACKAGE_STRING "cram 0.1"
| #define PACKAGE_BUGREPORT "yzhou7@gmail.com"
| #define PACKAGE "cram"
| #define VERSION "0.1"
| /* end confdefs.h.  */
| #include <ac_nonexistent.h>
configure:3360: checking for egrep
configure:3370: result: grep -E
configure:3375: checking for ANSI C header files
configure:3400: gcc -c -g -O2 -I/usr/include/SDL -D_GNU_SOURCE=1 -D_REENTRANT -lSDL_ttf  conftest.c >&5
configure:3406: $? = 0
configure:3410: test -z 
			 || test ! -s conftest.err
configure:3413: $? = 0
configure:3416: test -s conftest.o
configure:3419: $? = 0
configure:3508: gcc -o conftest -g -O2 -I/usr/include/SDL -D_GNU_SOURCE=1 -D_REENTRANT -lSDL_ttf   conftest.c  -lSDL -lpthread >&5
conftest.c: In function 'main':
conftest.c:28:7: warning: incompatible implicit declaration of built-in function 'exit' [enabled by default]
/usr/bin/ld: cannot find -lSDL_ttf
collect2: error: ld returned 1 exit status
configure:3511: $? = 1
configure: program exited with status 1
configure: failed program was:
| /* confdefs.h.  */
| 
| #define PACKAGE_NAME "cram"
| #define PACKAGE_TARNAME "cram"
| #define PACKAGE_VERSION "0.1"
| #define PACKAGE_STRING "cram 0.1"
| #define PACKAGE_BUGREPORT "yzhou7@gmail.com"
| #define PACKAGE "cram"
| #define VERSION "0.1"
| /* end confdefs.h.  */
| #include <ctype.h>
| #if ((' ' & 0x0FF) == 0x020)
| # define ISLOWER(c) ('a' <= (c) && (c) <= 'z')
| # define TOUPPER(c) (ISLOWER(c) ? 'A' + ((c) - 'a') : (c))
| #else
| # define ISLOWER(c) 		   (('a' <= (c) && (c) <= 'i') 		     || ('j' <= (c) && (c) <= 'r') 		     || ('s' <= (c) && (c) <= 'z'))
| # define TOUPPER(c) (ISLOWER(c) ? ((c) | 0x40) : (c))
| #endif
| 
| #define XOR(e, f) (((e) && !(f)) || (!(e) && (f)))
| int
| main ()
| {
|   int i;
|   for (i = 0; i < 256; i++)
|     if (XOR (islower (i), ISLOWER (i))
| 	|| toupper (i) != TOUPPER (i))
|       exit(2);
|   exit (0);
| }
configure:3531: result: no
configure:3555: checking for sys/types.h
configure:3571: gcc -c -g -O2 -I/usr/include/SDL -D_GNU_SOURCE=1 -D_REENTRANT -lSDL_ttf  conftest.c >&5
configure:3577: $? = 0
configure:3581: test -z 
			 || test ! -s conftest.err
configure:3584: $? = 0
configure:3587: test -s conftest.o
configure:3590: $? = 0
configure:3601: result: yes
configure:3555: checking for sys/stat.h
configure:3571: gcc -c -g -O2 -I/usr/include/SDL -D_GNU_SOURCE=1 -D_REENTRANT -lSDL_ttf  conftest.c >&5
configure:3577: $? = 0
configure:3581: test -z 
			 || test ! -s conftest.err
configure:3584: $? = 0
configure:3587: test -s conftest.o
configure:3590: $? = 0
configure:3601: result: yes
configure:3555: checking for stdlib.h
configure:3571: gcc -c -g -O2 -I/usr/include/SDL -D_GNU_SOURCE=1 -D_REENTRANT -lSDL_ttf  conftest.c >&5
configure:3577: $? = 0
configure:3581: test -z 
			 || test ! -s conftest.err
configure:3584: $? = 0
configure:3587: test -s conftest.o
configure:3590: $? = 0
configure:3601: result: yes
configure:3555: checking for string.h
configure:3571: gcc -c -g -O2 -I/usr/include/SDL -D_GNU_SOURCE=1 -D_REENTRANT -lSDL_ttf  conftest.c >&5
configure:3577: $? = 0
configure:3581: test -z 
			 || test ! -s conftest.err
configure:3584: $? = 0
configure:3587: test -s conftest.o
configure:3590: $? = 0
configure:3601: result: yes
configure:3555: checking for memory.h
configure:3571: gcc -c -g -O2 -I/usr/include/SDL -D_GNU_SOURCE=1 -D_REENTRANT -lSDL_ttf  conftest.c >&5
configure:3577: $? = 0
configure:3581: test -z 
			 || test ! -s conftest.err
configure:3584: $? = 0
configure:3587: test -s conftest.o
configure:3590: $? = 0
configure:3601: result: yes
configure:3555: checking for strings.h
configure:3571: gcc -c -g -O2 -I/usr/include/SDL -D_GNU_SOURCE=1 -D_REENTRANT -lSDL_ttf  conftest.c >&5
configure:3577: $? = 0
configure:3581: test -z 
			 || test ! -s conftest.err
configure:3584: $? = 0
configure:3587: test -s conftest.o
configure:3590: $? = 0
configure:3601: result: yes
configure:3555: checking for inttypes.h
configure:3571: gcc -c -g -O2 -I/usr/include/SDL -D_GNU_SOURCE=1 -D_REENTRANT -lSDL_ttf  conftest.c >&5
configure:3577: $? = 0
configure:3581: test -z 
			 || test ! -s conftest.err
configure:3584: $? = 0
configure:3587: test -s conftest.o
configure:3590: $? = 0
configure:3601: result: yes
configure:3555: checking for stdint.h
configure:3571: gcc -c -g -O2 -I/usr/include/SDL -D_GNU_SOURCE=1 -D_REENTRANT -lSDL_ttf  conftest.c >&5
configure:3577: $? = 0
configure:3581: test -z 
			 || test ! -s conftest.err
configure:3584: $? = 0
configure:3587: test -s conftest.o
configure:3590: $? = 0
configure:3601: result: yes
configure:3555: checking for unistd.h
configure:3571: gcc -c -g -O2 -I/usr/include/SDL -D_GNU_SOURCE=1 -D_REENTRANT -lSDL_ttf  conftest.c >&5
configure:3577: $? = 0
configure:3581: test -z 
			 || test ! -s conftest.err
configure:3584: $? = 0
configure:3587: test -s conftest.o
configure:3590: $? = 0
configure:3601: result: yes
configure:3618: checking for string.h
configure:3623: result: yes
configure:3765: checking for size_t
configure:3789: gcc -c -g -O2 -I/usr/include/SDL -D_GNU_SOURCE=1 -D_REENTRANT -lSDL_ttf  conftest.c >&5
configure:3795: $? = 0
configure:3799: test -z 
			 || test ! -s conftest.err
configure:3802: $? = 0
configure:3805: test -s conftest.o
configure:3808: $? = 0
configure:3819: result: yes
configure:3838: checking for stdlib.h
configure:3843: result: yes
configure:3983: checking for GNU libc compatible malloc
configure:4012: gcc -o conftest -g -O2 -I/usr/include/SDL -D_GNU_SOURCE=1 -D_REENTRANT -lSDL_ttf   conftest.c  -lSDL -lpthread >&5
/usr/bin/ld: cannot find -lSDL_ttf
collect2: error: ld returned 1 exit status
configure:4015: $? = 1
configure: program exited with status 1
configure: failed program was:
| /* confdefs.h.  */
| 
| #define PACKAGE_NAME "cram"
| #define PACKAGE_TARNAME "cram"
| #define PACKAGE_VERSION "0.1"
| #define PACKAGE_STRING "cram 0.1"
| #define PACKAGE_BUGREPORT "yzhou7@gmail.com"
| #define PACKAGE "cram"
| #define VERSION "0.1"
| #define HAVE_SYS_TYPES_H 1
| #define HAVE_SYS_STAT_H 1
| #define HAVE_STDLIB_H 1
| #define HAVE_STRING_H 1
| #define HAVE_MEMORY_H 1
| #define HAVE_STRINGS_H 1
| #define HAVE_INTTYPES_H 1
| #define HAVE_STDINT_H 1
| #define HAVE_UNISTD_H 1
| #define HAVE_STRING_H 1
| #define HAVE_STDLIB_H 1
| /* end confdefs.h.  */
| #if STDC_HEADERS || HAVE_STDLIB_H
| # include <stdlib.h>
| #else
| char *malloc ();
| #endif
| 
| int
| main ()
| {
| exit (malloc (0) ? 0 : 1);
|   ;
|   return 0;
| }
configure:4034: result: no
configure:4169: creating ./config.status

## ---------------------- ##
## Running config.status. ##
## ---------------------- ##

This file was extended by cram config.status 0.1, which was
generated by GNU Autoconf 2.59.  Invocation command line was

  CONFIG_FILES    = 
  CONFIG_HEADERS  = 
  CONFIG_LINKS    = 
  CONFIG_COMMANDS = 
  $ ./config.status 

on scrib2

config.status:686: creating Makefile
config.status:686: creating src/Makefile
config.status:790: creating config.h
config.status:902: config.h is unchanged
config.status:1066: executing depfiles commands

## ---------------- ##
## Cache variables. ##
## ---------------- ##

ac_cv_c_compiler_gnu=yes
ac_cv_env_CC_set=
ac_cv_env_CC_value=
ac_cv_env_CFLAGS_set=
ac_cv_env_CFLAGS_value=
ac_cv_env_CPPFLAGS_set=
ac_cv_env_CPPFLAGS_value=
ac_cv_env_CPP_set=
ac_cv_env_CPP_value=
ac_cv_env_LDFLAGS_set=
ac_cv_env_LDFLAGS_value=
ac_cv_env_build_alias_set=
ac_cv_env_build_alias_value=
ac_cv_env_host_alias_set=
ac_cv_env_host_alias_value=
ac_cv_env_target_alias_set=
ac_cv_env_target_alias_value=
ac_cv_exeext=
ac_cv_func_malloc_0_nonnull=no
ac_cv_header_inttypes_h=yes
ac_cv_header_memory_h=yes
ac_cv_header_stdc=no
ac_cv_header_stdint_h=yes
ac_cv_header_stdlib_h=yes
ac_cv_header_string_h=yes
ac_cv_header_strings_h=yes
ac_cv_header_sys_stat_h=yes
ac_cv_header_sys_types_h=yes
ac_cv_header_unistd_h=yes
ac_cv_objext=o
ac_cv_path_SDL_CONFIG=/usr/bin/sdl-config
ac_cv_path_install='/usr/bin/install -c'
ac_cv_prog_AWK=gawk
ac_cv_prog_CPP='gcc -E'
ac_cv_prog_ac_ct_CC=gcc
ac_cv_prog_cc_g=yes
ac_cv_prog_cc_stdc=
ac_cv_prog_egrep='grep -E'
ac_cv_prog_make_make_set=yes
ac_cv_type_size_t=yes
am_cv_CC_dependencies_compiler_type=gcc3

## ----------------- ##
## Output variables. ##
## ----------------- ##

ACLOCAL='${SHELL} /home/yzhou/dev/cram/missing --run aclocal-1.6'
AMDEPBACKSLASH='\'
AMDEP_FALSE='#'
AMDEP_TRUE=''
AMTAR='${SHELL} /home/yzhou/dev/cram/missing --run tar'
AUTOCONF='${SHELL} /home/yzhou/dev/cram/missing --run autoconf'
AUTOHEADER='${SHELL} /home/yzhou/dev/cram/missing --run autoheader'
AUTOMAKE='${SHELL} /home/yzhou/dev/cram/missing --run automake-1.6'
AWK='gawk'
CC='gcc'
CCDEPMODE='depmode=gcc3'
CFLAGS='-g -O2 -I/usr/include/SDL -D_GNU_SOURCE=1 -D_REENTRANT -lSDL_ttf'
CPP='gcc -E'
CPPFLAGS=''
DEFS='-DHAVE_CONFIG_H'
DEPDIR='.deps'
ECHO_C=''
ECHO_N='-n'
ECHO_T=''
EGREP='grep -E'
EXEEXT=''
INSTALL_DATA='${INSTALL} -m 644'
INSTALL_PROGRAM='${INSTALL}'
INSTALL_SCRIPT='${INSTALL}'
INSTALL_STRIP_PROGRAM='${SHELL} $(install_sh) -c -s'
LDFLAGS=''
LIBOBJS=' malloc$U.o'
LIBS=' -lSDL -lpthread'
LTLIBOBJS=' malloc$U.lo'
MAKEINFO='${SHELL} /home/yzhou/dev/cram/missing --run makeinfo'
OBJEXT='o'
PACKAGE='cram'
PACKAGE_BUGREPORT='yzhou7@gmail.com'
PACKAGE_NAME='cram'
PACKAGE_STRING='cram 0.1'
PACKAGE_TARNAME='cram'
PACKAGE_VERSION='0.1'
PATH_SEPARATOR=':'
SDL_CFLAGS='-I/usr/include/SDL -D_GNU_SOURCE=1 -D_REENTRANT'
SDL_CONFIG='/usr/bin/sdl-config'
SDL_LIBS='-lSDL -lpthread'
SET_MAKE=''
SHELL='/bin/sh'
STRIP=''
VERSION='0.1'
ac_ct_CC='gcc'
ac_ct_STRIP=''
am__include='include'
am__quote=''
bindir='${exec_prefix}/bin'
build_alias=''
datadir='${prefix}/share'
exec_prefix='${prefix}'
host_alias=''
includedir='${prefix}/include'
infodir='${prefix}/info'
install_sh='/home/yzhou/dev/cram/install-sh'
libdir='${exec_prefix}/lib'
libexecdir='${exec_prefix}/libexec'
localstatedir='${prefix}/var'
mandir='${prefix}/man'
oldincludedir='/usr/include'
prefix='/usr/local'
program_transform_name='s,x,x,'
sbindir='${exec_prefix}/sbin'
sharedstatedir='${prefix}/com'
sysconfdir='${prefix}/etc'
target_alias=''

## ----------- ##
## confdefs.h. ##
## ----------- ##

#define HAVE_INTTYPES_H 1
#define HAVE_MALLOC 0
#define HAVE_MEMORY_H 1
#define HAVE_STDINT_H 1
#define HAVE_STDLIB_H 1
#define HAVE_STDLIB_H 1
#define HAVE_STRINGS_H 1
#define HAVE_STRING_H 1
#define HAVE_STRING_H 1
#define HAVE_SYS_STAT_H 1
#define HAVE_SYS_TYPES_H 1
#define HAVE_UNISTD_H 1
#define PACKAGE "cram"
#define PACKAGE_BUGREPORT "yzhou7@gmail.com"
#define PACKAGE_NAME "cram"
#define PACKAGE_STRING "cram 0.1"
#define PACKAGE_TARNAME "cram"
#define PACKAGE_VERSION "0.1"
#define VERSION "0.1"
#define malloc rpl_malloc

configure: exit 0
